<?xml version="1.0" encoding="utf-8"?><testsuites name="pytest tests"><testsuite name="pytest" errors="0" failures="0" skipped="0" tests="8" time="2.059" timestamp="2026-07-23T11:10:04.878687+00:00" hostname="agent-env-ecab7e7e-17ba-4dd9-ab52-65009c120ad5"><testcase classname="backend.tests.test_leads_api" name="test_health_returns_status_and_telegram_flag" time="0.152" /><testcase classname="backend.tests.test_leads_api" name="test_create_lead_returns_id_and_echoes_fields" time="0.480" /><testcase classname="backend.tests.test_leads_api" name="test_create_lead_increments_count" time="0.546" /><testcase classname="backend.tests.test_leads_api" name="test_created_lead_is_retrievable_in_list" time="0.484" /><testcase classname="backend.tests.test_leads_api" name="test_create_lead_empty_name_returns_400" time="0.041" /><testcase classname="backend.tests.test_leads_api" name="test_create_lead_empty_contact_returns_400" time="0.042" /><testcase classname="backend.tests.test_leads_api" name="test_create_lead_missing_fields_returns_422" time="0.110" /><testcase classname="backend.tests.test_leads_api" name="test_leads_endpoint_reachable_via_public_url" time="0.044" /></testsuite></testsuites>